<?xml version="1.0" encoding="UTF-8"?>
<!-- Generated by org.testng.reporters.JUnitReportReporter -->
<testsuite hostname="Harish" failures="0" tests="1" name="postOperation.GetAllById" time="1.382" errors="0" timestamp="2022-10-31T21:05:33 IST" skipped="0">
  <testcase classname="postOperation.GetAllById" name="Get" time="1.382"/>
  <system-out/>
</testsuite> <!-- postOperation.GetAllById -->
