<?xml version="1.0" encoding="UTF-8"?>
<!-- Generated by org.testng.reporters.JUnitReportReporter -->
<testsuite hostname="Harish" failures="0" tests="1" name="authentication.BasicAuth" time="2.520" errors="0" timestamp="2022-11-04T10:01:42 IST" skipped="0">
  <testcase classname="authentication.BasicAuth" name="basic" time="2.520"/>
  <system-out/>
</testsuite> <!-- authentication.BasicAuth -->
