<?xml version="1.0" encoding="UTF-8"?>
<!-- Generated by org.testng.reporters.JUnitReportReporter -->
<testsuite hostname="Harish" failures="0" tests="7" name="runners.AllRunners" time="2.790" errors="0" timestamp="2022-11-04T14:41:56 IST" skipped="0">
  <testcase classname="runners.AllRunners" name="runScenario" time="0.286"/>
  <system-out/>
  <testcase classname="runners.AllRunners" name="runScenario" time="0.031"/>
  <system-out/>
  <testcase classname="runners.AllRunners" name="runScenario" time="0.475"/>
  <system-out/>
  <testcase classname="runners.AllRunners" name="runScenario" time="0.039"/>
  <system-out/>
  <testcase classname="runners.AllRunners" name="runScenario" time="1.481"/>
  <system-out/>
  <testcase classname="runners.AllRunners" name="runScenario" time="0.036"/>
  <system-out/>
  <testcase classname="runners.AllRunners" name="runScenario" time="0.442"/>
  <system-out/>
</testsuite> <!-- runners.AllRunners -->
