<?xml version="1.0" encoding="UTF-8"?>
<!-- Generated by org.testng.reporters.JUnitReportReporter -->
<testsuite hostname="Harish" failures="0" tests="1" name="postOperation.Put12" time="1.864" errors="0" timestamp="2022-11-03T22:09:07 IST" skipped="0">
  <testcase classname="postOperation.Put12" name="postHotel" time="1.864"/>
  <system-out/>
</testsuite> <!-- postOperation.Put12 -->
