<?xml version="1.0" encoding="UTF-8"?>
<!-- Generated by org.testng.reporters.JUnitReportReporter -->
<testsuite hostname="Harish" failures="0" tests="1" name="postOperation.GetById" time="1.806" errors="0" timestamp="2022-11-04T10:18:30 IST" skipped="0">
  <testcase classname="postOperation.GetById" name="Get" time="1.806"/>
  <system-out/>
</testsuite> <!-- postOperation.GetById -->
