<?xml version="1.0" encoding="UTF-8"?>
<!-- Generated by org.testng.reporters.JUnitReportReporter -->
<testsuite hostname="Harish" failures="0" tests="1" name="postOperation.Hotel156" time="2.081" errors="0" timestamp="2022-11-03T21:56:52 IST" skipped="0">
  <testcase classname="postOperation.Hotel156" name="postHotel" time="2.081"/>
  <system-out/>
</testsuite> <!-- postOperation.Hotel156 -->
