<?xml version="1.0" encoding="UTF-8"?>
<!-- Generated by org.testng.reporters.JUnitReportReporter -->
<testsuite hostname="Harish" failures="0" tests="1" name="postOperation.PostHotel" time="2.130" errors="0" timestamp="2022-11-04T10:10:59 IST" skipped="0">
  <testcase classname="postOperation.PostHotel" name="postHotel" time="2.130"/>
  <system-out/>
</testsuite> <!-- postOperation.PostHotel -->
