<?xml version="1.0" encoding="UTF-8"?>
<!-- Generated by org.testng.reporters.JUnitReportReporter -->
<testsuite hostname="Harish" failures="0" tests="1" name="postOperation.putNew" time="2.286" errors="0" timestamp="2022-11-03T12:26:35 IST" skipped="0">
  <testcase classname="postOperation.putNew" name="Put" time="2.286"/>
  <system-out/>
</testsuite> <!-- postOperation.putNew -->
