<?xml version="1.0" encoding="UTF-8"?>
<!-- Generated by org.testng.reporters.JUnitReportReporter -->
<testsuite hostname="Harish" failures="0" tests="1" name="postOperation.DeleteById" time="1.418" errors="0" timestamp="2022-11-04T10:16:48 IST" skipped="0">
  <testcase classname="postOperation.DeleteById" name="delete" time="1.418"/>
  <system-out/>
</testsuite> <!-- postOperation.DeleteById -->
